
Apr 24, 2016 12:43:13.35 NEW SESSION
Apr 24, 2016 12:43:13.35 
Apr 24, 2016 12:43:13.35 (firefox:7361): GLib-GObject-WARNING **: Attempt to add property GnomeProgram::sm-connect after class was initialised
Apr 24, 2016 12:43:13.35 
Apr 24, 2016 12:43:13.35 (firefox:7361): GLib-GObject-WARNING **: Attempt to add property GnomeProgram::show-crash-dialog after class was initialised
Apr 24, 2016 12:43:13.35 
Apr 24, 2016 12:43:13.35 (firefox:7361): GLib-GObject-WARNING **: Attempt to add property GnomeProgram::display after class was initialised
Apr 24, 2016 12:43:13.35 
Apr 24, 2016 12:43:13.35 (firefox:7361): GLib-GObject-WARNING **: Attempt to add property GnomeProgram::default-icon after class was initialised
Apr 24, 2016 12:43:42.17 
Apr 24, 2016 12:43:42.17 (firefox:7431): GLib-GObject-WARNING **: Attempt to add property GnomeProgram::sm-connect after class was initialised
Apr 24, 2016 12:43:42.17 
Apr 24, 2016 12:43:42.17 (firefox:7431): GLib-GObject-WARNING **: Attempt to add property GnomeProgram::show-crash-dialog after class was initialised
Apr 24, 2016 12:43:42.17 
Apr 24, 2016 12:43:42.17 (firefox:7431): GLib-GObject-WARNING **: Attempt to add property GnomeProgram::display after class was initialised
Apr 24, 2016 12:43:42.17 
Apr 24, 2016 12:43:42.17 (firefox:7431): GLib-GObject-WARNING **: Attempt to add property GnomeProgram::default-icon after class was initialised
Apr 24, 2016 12:44:12.28 DevToolsUtils.dbg_assert is deprecated! Use DevToolsUtils.assert instead!
Apr 24, 2016 12:44:12.29 dbg_assert@resource://gre/modules/commonjs/toolkit/loader.js -> resource://devtools/shared/DevToolsUtils.js:466:13
Apr 24, 2016 12:44:12.29 EventLoop.prototype.enter@resource://gre/modules/commonjs/toolkit/loader.js -> resource://devtools/server/actors/script.js:357:5
Apr 24, 2016 12:44:12.29 ThreadActor.prototype._pushThreadPause@resource://gre/modules/commonjs/toolkit/loader.js -> resource://devtools/server/actors/script.js:543:5
Apr 24, 2016 12:44:12.29 ThreadActor.prototype.onAttach@resource://gre/modules/commonjs/toolkit/loader.js -> resource://devtools/server/actors/script.js:657:7
Apr 24, 2016 12:44:12.29 DSC_onPacket@resource://gre/modules/commonjs/toolkit/loader.js -> resource://devtools/server/main.js:1643:15
Apr 24, 2016 12:44:12.29 LocalDebuggerTransport.prototype.send/<@resource://gre/modules/commonjs/toolkit/loader.js -> resource://devtools/shared/transport/transport.js:569:11
Apr 24, 2016 12:44:12.29 makeInfallible/<@resource://gre/modules/commonjs/toolkit/loader.js -> resource://devtools/shared/DevToolsUtils.js:87:14
Apr 24, 2016 12:44:12.29 makeInfallible/<@resource://gre/modules/commonjs/toolkit/loader.js -> resource://devtools/shared/DevToolsUtils.js:87:14
Apr 24, 2016 12:44:12.30 console.warn: DevToolsUtils.dbg_assert is deprecated! Use DevToolsUtils.assert instead!
Apr 24, 2016 12:44:12.30 dbg_assert@resource://gre/modules/commonjs/toolkit/loader.js -> resource://devtools/shared/DevToolsUtils.js:466:13
Apr 24, 2016 12:44:12.30 EventLoop.prototype.enter@resource://gre/modules/commonjs/toolkit/loader.js -> resource://devtools/server/actors/script.js:357:5
Apr 24, 2016 12:44:12.30 ThreadActor.prototype._pushThreadPause@resource://gre/modules/commonjs/toolkit/loader.js -> resource://devtools/server/actors/script.js:543:5
Apr 24, 2016 12:44:12.30 ThreadActor.prototype.onAttach@resource://gre/modules/commonjs/toolkit/loader.js -> resource://devtools/server/actors/script.js:657:7
Apr 24, 2016 12:44:12.30 DSC_onPacket@resource://gre/modules/commonjs/toolkit/loader.js -> resource://devtools/server/main.js:1643:15
Apr 24, 2016 12:44:12.30 LocalDebuggerTransport.prototype.send/<@resource://gre/modules/commonjs/toolkit/loader.js -> resource://devtools/shared/transport/transport.js:569:11
Apr 24, 2016 12:44:12.30 makeInfallible/<@resource://gre/modules/commonjs/toolkit/loader.js -> resource://devtools/shared/DevToolsUtils.js:87:14
Apr 24, 2016 12:44:12.30 makeInfallible/<@resource://gre/modules/commonjs/toolkit/loader.js -> resource://devtools/shared/DevToolsUtils.js:87:14
Apr 24, 2016 12:44:12.30 
Apr 24, 2016 12:51:51.55 1461482511401	addons.update-checker	WARN	Update manifest for ubufox@ubuntu.com did not contain an updates property
Apr 24, 2016 12:51:51.84 1461482511844	addons.update-checker	WARN	Update manifest for {972ce4c6-7e08-4474-a285-3208198ce6fd} did not contain an updates property
Apr 24, 2016 12:55:03.95 1461482703951	addons.xpi	WARN	Exception running bootstrap method shutdown on firebug@software.joehewitt.com: ReferenceError: FirebugGCLICommands is not defined (resource://gre/modules/addons/XPIProvider.jsm -> jar:file:///home/shoaib/.mozilla/firefox/0aqlzkd1.default/extensions/firebug@software.joehewitt.com.xpi!/bootstrap.js:105:5) JS Stack trace: shutdown@resource://gre/modules/addons/XPIProvider.jsm -> jar:file:///home/shoaib/.mozilla/firefox/0aqlzkd1.default/extensions/firebug@bootstrap.js:105:5 < this.XPIProvider.callBootstrapMethod@XPIProvider.jsm:4658:9 < AddonInstall.prototype.startInstall/<@XPIProvider.jsm:6002:1
Apr 24, 2016 12:55:04.91 Handler function DebuggerClient.requester request callback threw an exception: TypeError: getBrowserDocument(...) is undefined
Apr 24, 2016 12:55:04.91 Stack: Firefox.getElementById@chrome://firebug/content/chrome/firefox.js:37:16
Apr 24, 2016 12:55:04.91 Firefox.getTabBrowser@chrome://firebug/content/chrome/firefox.js:50:26
Apr 24, 2016 12:55:04.91 Firefox.getBrowserForWindow@chrome://firebug/content/chrome/firefox.js:98:26
Apr 24, 2016 12:55:04.91 TabClient.prototype<.onTabDetached@chrome://firebug/content/remoting/tabClient.js:255:23
Apr 24, 2016 12:55:04.91 DebuggerClient.requester/</<@resource://gre/modules/commonjs/toolkit/loader.js -> resource://devtools/shared/client/main.js:294:9
Apr 24, 2016 12:55:04.91 makeInfallible/<@resource://gre/modules/commonjs/toolkit/loader.js -> resource://devtools/shared/DevToolsUtils.js:87:14
Apr 24, 2016 12:55:04.91 emitOnObject@resource://gre/modules/commonjs/toolkit/loader.js -> resource://gre/modules/commonjs/sdk/event/core.js:112:9
Apr 24, 2016 12:55:04.91 emit@resource://gre/modules/commonjs/toolkit/loader.js -> resource://gre/modules/commonjs/sdk/event/core.js:89:38
Apr 24, 2016 12:55:04.91 Request.prototype.emit@resource://gre/modules/commonjs/toolkit/loader.js -> resource://devtools/shared/client/main.js:1213:29
Apr 24, 2016 12:55:04.91 DebuggerClient.prototype.onPacket/emitReply@resource://gre/modules/commonjs/toolkit/loader.js -> resource://devtools/shared/client/main.js:999:29
Apr 24, 2016 12:55:04.91 DebuggerClient.prototype.onPacket@resource://gre/modules/commonjs/toolkit/loader.js -> resource://devtools/shared/client/main.js:1001:9
Apr 24, 2016 12:55:04.91 LocalDebuggerTransport.prototype.send/<@resource://gre/modules/commonjs/toolkit/loader.js -> resource://devtools/shared/transport/transport.js:569:11
Apr 24, 2016 12:55:04.91 makeInfallible/<@resource://gre/modules/commonjs/toolkit/loader.js -> resource://devtools/shared/DevToolsUtils.js:87:14
Apr 24, 2016 12:55:04.91 makeInfallible/<@resource://gre/modules/commonjs/toolkit/loader.js -> resource://devtools/shared/DevToolsUtils.js:87:14
Apr 24, 2016 12:55:04.91 waitForSyncCallback@resource://services-common/async.js:102:7
Apr 24, 2016 12:55:04.91 makeSpinningCallback/callback.wait@resource://services-common/async.js:156:27
Apr 24, 2016 12:55:04.91 _handlerListener@resource://gre/modules/services-sync/addonsreconciler.js:634:9
Apr 24, 2016 12:55:04.91 onInstalled@resource://gre/modules/services-sync/addonsreconciler.js:659:5
Apr 24, 2016 12:55:04.91 AddonManagerInternal.callAddonListeners@resource://gre/modules/AddonManager.jsm:1801:11
Apr 24, 2016 12:55:04.91 this.AddonManagerPrivate.callAddonListeners@resource://gre/modules/AddonManager.jsm:2841:5
Apr 24, 2016 12:55:04.91 AddonInstall.prototype.startInstall/<@resource://gre/modules/addons/XPIProvider.jsm:6057:1
Apr 24, 2016 12:55:04.91 TaskImpl_run@resource://gre/modules/Task.jsm:315:40
Apr 24, 2016 12:55:04.91 Handler.prototype.process@resource://gre/modules/Promise.jsm -> resource://gre/modules/Promise-backend.js:933:23
Apr 24, 2016 12:55:04.91 this.PromiseWalker.walkerLoop@resource://gre/modules/Promise.jsm -> resource://gre/modules/Promise-backend.js:812:7
Apr 24, 2016 12:55:04.91 this.PromiseWalker.scheduleWalkerLoop/<@resource://gre/modules/Promise.jsm -> resource://gre/modules/Promise-backend.js:746:1
Apr 24, 2016 12:55:04.91 Line: 37, column: 16
Apr 24, 2016 15:04:58.33 
Apr 24, 2016 15:04:58.34 (firefox:7431): Gtk-CRITICAL **: IA__gtk_clipboard_set_with_data: assertion 'targets != NULL' failed
Apr 24, 2016 16:01:40.31 g_dbus_connection_real_closed: Remote peer vanished with error: Underlying GIOStream returned 0 bytes on an async read (g-io-error-quark, 0). Exiting.

Apr 24, 2016 17:21:46.71 NEW SESSION
Apr 24, 2016 17:21:46.71 
Apr 24, 2016 17:21:46.75 (firefox:5979): GLib-GObject-WARNING **: Attempt to add property GnomeProgram::sm-connect after class was initialised
Apr 24, 2016 17:21:46.75 
Apr 24, 2016 17:21:46.76 (firefox:5979): GLib-GObject-WARNING **: Attempt to add property GnomeProgram::show-crash-dialog after class was initialised
Apr 24, 2016 17:21:46.76 
Apr 24, 2016 17:21:46.76 (firefox:5979): GLib-GObject-WARNING **: Attempt to add property GnomeProgram::display after class was initialised
Apr 24, 2016 17:21:46.76 
Apr 24, 2016 17:21:46.76 (firefox:5979): GLib-GObject-WARNING **: Attempt to add property GnomeProgram::default-icon after class was initialised
Apr 24, 2016 17:21:52.67 
Apr 24, 2016 17:21:52.67 (firefox:6031): GLib-GObject-WARNING **: Attempt to add property GnomeProgram::sm-connect after class was initialised
Apr 24, 2016 17:21:52.67 
Apr 24, 2016 17:21:52.67 (firefox:6031): GLib-GObject-WARNING **: Attempt to add property GnomeProgram::show-crash-dialog after class was initialised
Apr 24, 2016 17:21:52.67 
Apr 24, 2016 17:21:52.67 (firefox:6031): GLib-GObject-WARNING **: Attempt to add property GnomeProgram::display after class was initialised
Apr 24, 2016 17:21:52.67 
Apr 24, 2016 17:21:52.67 (firefox:6031): GLib-GObject-WARNING **: Attempt to add property GnomeProgram::default-icon after class was initialised
Apr 24, 2016 18:22:15.03 1461502335035	Sync.Engine.Addons	ERROR	null
Apr 24, 2016 18:22:15.65 1461502335659	Sync.Engine.Addons	ERROR	null
Apr 24, 2016 18:26:01.06 DevToolsUtils.dbg_assert is deprecated! Use DevToolsUtils.assert instead!
Apr 24, 2016 18:26:01.06 dbg_assert@resource://gre/modules/commonjs/toolkit/loader.js -> resource://devtools/shared/DevToolsUtils.js:466:13
Apr 24, 2016 18:26:01.06 EventLoop.prototype.enter@resource://gre/modules/commonjs/toolkit/loader.js -> resource://devtools/server/actors/script.js:357:5
Apr 24, 2016 18:26:01.06 ThreadActor.prototype._pushThreadPause@resource://gre/modules/commonjs/toolkit/loader.js -> resource://devtools/server/actors/script.js:543:5
Apr 24, 2016 18:26:01.06 ThreadActor.prototype.onAttach@resource://gre/modules/commonjs/toolkit/loader.js -> resource://devtools/server/actors/script.js:657:7
Apr 24, 2016 18:26:01.06 DSC_onPacket@resource://gre/modules/commonjs/toolkit/loader.js -> resource://devtools/server/main.js:1643:15
Apr 24, 2016 18:26:01.06 LocalDebuggerTransport.prototype.send/<@resource://gre/modules/commonjs/toolkit/loader.js -> resource://devtools/shared/transport/transport.js:569:11
Apr 24, 2016 18:26:01.06 makeInfallible/<@resource://gre/modules/commonjs/toolkit/loader.js -> resource://devtools/shared/DevToolsUtils.js:87:14
Apr 24, 2016 18:26:01.06 makeInfallible/<@resource://gre/modules/commonjs/toolkit/loader.js -> resource://devtools/shared/DevToolsUtils.js:87:14
Apr 24, 2016 18:26:01.09 console.warn: DevToolsUtils.dbg_assert is deprecated! Use DevToolsUtils.assert instead!
Apr 24, 2016 18:26:01.09 dbg_assert@resource://gre/modules/commonjs/toolkit/loader.js -> resource://devtools/shared/DevToolsUtils.js:466:13
Apr 24, 2016 18:26:01.09 EventLoop.prototype.enter@resource://gre/modules/commonjs/toolkit/loader.js -> resource://devtools/server/actors/script.js:357:5
Apr 24, 2016 18:26:01.09 ThreadActor.prototype._pushThreadPause@resource://gre/modules/commonjs/toolkit/loader.js -> resource://devtools/server/actors/script.js:543:5
Apr 24, 2016 18:26:01.09 ThreadActor.prototype.onAttach@resource://gre/modules/commonjs/toolkit/loader.js -> resource://devtools/server/actors/script.js:657:7
Apr 24, 2016 18:26:01.09 DSC_onPacket@resource://gre/modules/commonjs/toolkit/loader.js -> resource://devtools/server/main.js:1643:15
Apr 24, 2016 18:26:01.09 LocalDebuggerTransport.prototype.send/<@resource://gre/modules/commonjs/toolkit/loader.js -> resource://devtools/shared/transport/transport.js:569:11
Apr 24, 2016 18:26:01.09 makeInfallible/<@resource://gre/modules/commonjs/toolkit/loader.js -> resource://devtools/shared/DevToolsUtils.js:87:14
Apr 24, 2016 18:26:01.09 makeInfallible/<@resource://gre/modules/commonjs/toolkit/loader.js -> resource://devtools/shared/DevToolsUtils.js:87:14
Apr 24, 2016 18:26:01.09 
Apr 24, 2016 20:16:45.17 
Apr 24, 2016 20:16:45.19 (firefox:6031): Gtk-CRITICAL **: IA__gtk_clipboard_set_with_data: assertion 'targets != NULL' failed
Apr 24, 2016 20:19:51.65 1461509391653	Sync.Engine.Addons	ERROR	null
Apr 24, 2016 20:19:52.26 1461509392263	Sync.Engine.Addons	ERROR	null
Apr 24, 2016 21:19:56.77 1461512996750	Sync.Engine.Addons	ERROR	null
Apr 24, 2016 21:19:57.39 1461512997398	Sync.Engine.Addons	ERROR	null

Apr 25, 2016 09:28:59.93 NEW SESSION
Apr 25, 2016 09:28:59.93 
Apr 25, 2016 09:29:00.23 (firefox:3445): GLib-GObject-WARNING **: Attempt to add property GnomeProgram::sm-connect after class was initialised
Apr 25, 2016 09:29:00.24 
Apr 25, 2016 09:29:00.24 (firefox:3445): GLib-GObject-WARNING **: Attempt to add property GnomeProgram::show-crash-dialog after class was initialised
Apr 25, 2016 09:29:00.24 
Apr 25, 2016 09:29:00.24 (firefox:3445): GLib-GObject-WARNING **: Attempt to add property GnomeProgram::display after class was initialised
Apr 25, 2016 09:29:00.24 
Apr 25, 2016 09:29:00.24 (firefox:3445): GLib-GObject-WARNING **: Attempt to add property GnomeProgram::default-icon after class was initialised
Apr 25, 2016 09:29:05.51 
Apr 25, 2016 09:29:05.51 (firefox:3504): GLib-GObject-WARNING **: Attempt to add property GnomeProgram::sm-connect after class was initialised
Apr 25, 2016 09:29:05.51 
Apr 25, 2016 09:29:05.51 (firefox:3504): GLib-GObject-WARNING **: Attempt to add property GnomeProgram::show-crash-dialog after class was initialised
Apr 25, 2016 09:29:05.51 
Apr 25, 2016 09:29:05.51 (firefox:3504): GLib-GObject-WARNING **: Attempt to add property GnomeProgram::display after class was initialised
Apr 25, 2016 09:29:05.51 
Apr 25, 2016 09:29:05.51 (firefox:3504): GLib-GObject-WARNING **: Attempt to add property GnomeProgram::default-icon after class was initialised
Apr 25, 2016 09:29:10.15 1461556750154	FirefoxAccounts	ERROR	Could not retrieve profile data: {"name":"FxAccountsProfileClientError","code":null,"errno":998,"error":"NETWORK_ERROR","message":"[Exception... \"NS_ERROR_UNKNOWN_HOST\"  nsresult: \"0x804b001e (NS_ERROR_UNKNOWN_HOST)\"  location: \"JS frame :: resource://services-common/rest.js :: onStopRequest :: line 465\"  data: no]"}
Apr 25, 2016 09:29:10.15 1461556750157	FirefoxAccounts	ERROR	FxA rejecting with error NETWORK_ERROR, details: {"name":"FxAccountsProfileClientError","code":null,"errno":998,"error":"NETWORK_ERROR","message":"[Exception... \"NS_ERROR_UNKNOWN_HOST\"  nsresult: \"0x804b001e (NS_ERROR_UNKNOWN_HOST)\"  location: \"JS frame :: resource://services-common/rest.js :: onStopRequest :: line 465\"  data: no]"}
Apr 25, 2016 09:29:16.77 1461556756775	FirefoxAccounts	ERROR	Could not retrieve profile data: {"name":"FxAccountsProfileClientError","code":null,"errno":998,"error":"NETWORK_ERROR","message":"[Exception... \"NS_ERROR_UNKNOWN_HOST\"  nsresult: \"0x804b001e (NS_ERROR_UNKNOWN_HOST)\"  location: \"JS frame :: resource://services-common/rest.js :: onStopRequest :: line 465\"  data: no]"}
Apr 25, 2016 09:29:16.77 1461556756775	FirefoxAccounts	ERROR	Could not retrieve profile data: {"name":"FxAccountsProfileClientError","code":null,"errno":998,"error":"NETWORK_ERROR","message":"[Exception... \"NS_ERROR_UNKNOWN_HOST\"  nsresult: \"0x804b001e (NS_ERROR_UNKNOWN_HOST)\"  location: \"JS frame :: resource://services-common/rest.js :: onStopRequest :: line 465\"  data: no]"}
Apr 25, 2016 09:29:16.77 1461556756778	FirefoxAccounts	ERROR	FxA rejecting with error NETWORK_ERROR, details: {"name":"FxAccountsProfileClientError","code":null,"errno":998,"error":"NETWORK_ERROR","message":"[Exception... \"NS_ERROR_UNKNOWN_HOST\"  nsresult: \"0x804b001e (NS_ERROR_UNKNOWN_HOST)\"  location: \"JS frame :: resource://services-common/rest.js :: onStopRequest :: line 465\"  data: no]"}
Apr 25, 2016 09:29:16.77 1461556756778	FirefoxAccounts	ERROR	FxA rejecting with error NETWORK_ERROR, details: {"name":"FxAccountsProfileClientError","code":null,"errno":998,"error":"NETWORK_ERROR","message":"[Exception... \"NS_ERROR_UNKNOWN_HOST\"  nsresult: \"0x804b001e (NS_ERROR_UNKNOWN_HOST)\"  location: \"JS frame :: resource://services-common/rest.js :: onStopRequest :: line 465\"  data: no]"}
Apr 25, 2016 09:29:22.38 DevToolsUtils.dbg_assert is deprecated! Use DevToolsUtils.assert instead!
Apr 25, 2016 09:29:22.38 dbg_assert@resource://gre/modules/commonjs/toolkit/loader.js -> resource://devtools/shared/DevToolsUtils.js:466:13
Apr 25, 2016 09:29:22.38 EventLoop.prototype.enter@resource://gre/modules/commonjs/toolkit/loader.js -> resource://devtools/server/actors/script.js:357:5
Apr 25, 2016 09:29:22.38 ThreadActor.prototype._pushThreadPause@resource://gre/modules/commonjs/toolkit/loader.js -> resource://devtools/server/actors/script.js:543:5
Apr 25, 2016 09:29:22.38 ThreadActor.prototype.onAttach@resource://gre/modules/commonjs/toolkit/loader.js -> resource://devtools/server/actors/script.js:657:7
Apr 25, 2016 09:29:22.38 DSC_onPacket@resource://gre/modules/commonjs/toolkit/loader.js -> resource://devtools/server/main.js:1643:15
Apr 25, 2016 09:29:22.38 LocalDebuggerTransport.prototype.send/<@resource://gre/modules/commonjs/toolkit/loader.js -> resource://devtools/shared/transport/transport.js:569:11
Apr 25, 2016 09:29:22.38 makeInfallible/<@resource://gre/modules/commonjs/toolkit/loader.js -> resource://devtools/shared/DevToolsUtils.js:87:14
Apr 25, 2016 09:29:22.38 makeInfallible/<@resource://gre/modules/commonjs/toolkit/loader.js -> resource://devtools/shared/DevToolsUtils.js:87:14
Apr 25, 2016 09:29:22.39 console.warn: DevToolsUtils.dbg_assert is deprecated! Use DevToolsUtils.assert instead!
Apr 25, 2016 09:29:22.39 dbg_assert@resource://gre/modules/commonjs/toolkit/loader.js -> resource://devtools/shared/DevToolsUtils.js:466:13
Apr 25, 2016 09:29:22.39 EventLoop.prototype.enter@resource://gre/modules/commonjs/toolkit/loader.js -> resource://devtools/server/actors/script.js:357:5
Apr 25, 2016 09:29:22.39 ThreadActor.prototype._pushThreadPause@resource://gre/modules/commonjs/toolkit/loader.js -> resource://devtools/server/actors/script.js:543:5
Apr 25, 2016 09:29:22.39 ThreadActor.prototype.onAttach@resource://gre/modules/commonjs/toolkit/loader.js -> resource://devtools/server/actors/script.js:657:7
Apr 25, 2016 09:29:22.39 DSC_onPacket@resource://gre/modules/commonjs/toolkit/loader.js -> resource://devtools/server/main.js:1643:15
Apr 25, 2016 09:29:22.39 LocalDebuggerTransport.prototype.send/<@resource://gre/modules/commonjs/toolkit/loader.js -> resource://devtools/shared/transport/transport.js:569:11
Apr 25, 2016 09:29:22.39 makeInfallible/<@resource://gre/modules/commonjs/toolkit/loader.js -> resource://devtools/shared/DevToolsUtils.js:87:14
Apr 25, 2016 09:29:22.39 makeInfallible/<@resource://gre/modules/commonjs/toolkit/loader.js -> resource://devtools/shared/DevToolsUtils.js:87:14
Apr 25, 2016 09:29:22.39 
Apr 25, 2016 09:58:33.85 
Apr 25, 2016 09:58:33.85 (firefox:5302): GLib-GObject-WARNING **: Attempt to add property GnomeProgram::sm-connect after class was initialised
Apr 25, 2016 09:58:33.85 
Apr 25, 2016 09:58:33.85 (firefox:5302): GLib-GObject-WARNING **: Attempt to add property GnomeProgram::show-crash-dialog after class was initialised
Apr 25, 2016 09:58:33.85 
Apr 25, 2016 09:58:33.85 (firefox:5302): GLib-GObject-WARNING **: Attempt to add property GnomeProgram::display after class was initialised
Apr 25, 2016 09:58:33.85 
Apr 25, 2016 09:58:33.85 (firefox:5302): GLib-GObject-WARNING **: Attempt to add property GnomeProgram::default-icon after class was initialised
Apr 25, 2016 09:58:35.66 
Apr 25, 2016 09:58:35.66 (firefox:5353): GLib-GObject-WARNING **: Attempt to add property GnomeProgram::sm-connect after class was initialised
Apr 25, 2016 09:58:35.66 
Apr 25, 2016 09:58:35.66 (firefox:5353): GLib-GObject-WARNING **: Attempt to add property GnomeProgram::show-crash-dialog after class was initialised
Apr 25, 2016 09:58:35.66 
Apr 25, 2016 09:58:35.66 (firefox:5353): GLib-GObject-WARNING **: Attempt to add property GnomeProgram::display after class was initialised
Apr 25, 2016 09:58:35.66 
Apr 25, 2016 09:58:35.66 (firefox:5353): GLib-GObject-WARNING **: Attempt to add property GnomeProgram::default-icon after class was initialised
Apr 25, 2016 09:58:39.15 1461558519154	FirefoxAccounts	ERROR	Could not retrieve profile data: {"name":"FxAccountsProfileClientError","code":null,"errno":998,"error":"NETWORK_ERROR","message":"[Exception... \"NS_ERROR_UNKNOWN_HOST\"  nsresult: \"0x804b001e (NS_ERROR_UNKNOWN_HOST)\"  location: \"JS frame :: resource://services-common/rest.js :: onStopRequest :: line 465\"  data: no]"}
Apr 25, 2016 09:58:39.15 1461558519157	FirefoxAccounts	ERROR	FxA rejecting with error NETWORK_ERROR, details: {"name":"FxAccountsProfileClientError","code":null,"errno":998,"error":"NETWORK_ERROR","message":"[Exception... \"NS_ERROR_UNKNOWN_HOST\"  nsresult: \"0x804b001e (NS_ERROR_UNKNOWN_HOST)\"  location: \"JS frame :: resource://services-common/rest.js :: onStopRequest :: line 465\"  data: no]"}
Apr 25, 2016 09:58:47.03 1461558527039	FirefoxAccounts	ERROR	Could not retrieve profile data: {"name":"FxAccountsProfileClientError","code":null,"errno":998,"error":"NETWORK_ERROR","message":"[Exception... \"NS_ERROR_UNKNOWN_HOST\"  nsresult: \"0x804b001e (NS_ERROR_UNKNOWN_HOST)\"  location: \"JS frame :: resource://services-common/rest.js :: onStopRequest :: line 465\"  data: no]"}
Apr 25, 2016 09:58:47.04 1461558527039	FirefoxAccounts	ERROR	Could not retrieve profile data: {"name":"FxAccountsProfileClientError","code":null,"errno":998,"error":"NETWORK_ERROR","message":"[Exception... \"NS_ERROR_UNKNOWN_HOST\"  nsresult: \"0x804b001e (NS_ERROR_UNKNOWN_HOST)\"  location: \"JS frame :: resource://services-common/rest.js :: onStopRequest :: line 465\"  data: no]"}
Apr 25, 2016 09:58:47.04 1461558527042	FirefoxAccounts	ERROR	FxA rejecting with error NETWORK_ERROR, details: {"name":"FxAccountsProfileClientError","code":null,"errno":998,"error":"NETWORK_ERROR","message":"[Exception... \"NS_ERROR_UNKNOWN_HOST\"  nsresult: \"0x804b001e (NS_ERROR_UNKNOWN_HOST)\"  location: \"JS frame :: resource://services-common/rest.js :: onStopRequest :: line 465\"  data: no]"}
Apr 25, 2016 09:58:47.04 1461558527042	FirefoxAccounts	ERROR	FxA rejecting with error NETWORK_ERROR, details: {"name":"FxAccountsProfileClientError","code":null,"errno":998,"error":"NETWORK_ERROR","message":"[Exception... \"NS_ERROR_UNKNOWN_HOST\"  nsresult: \"0x804b001e (NS_ERROR_UNKNOWN_HOST)\"  location: \"JS frame :: resource://services-common/rest.js :: onStopRequest :: line 465\"  data: no]"}
Apr 25, 2016 09:58:47.48 DevToolsUtils.dbg_assert is deprecated! Use DevToolsUtils.assert instead!
Apr 25, 2016 09:58:47.48 dbg_assert@resource://gre/modules/commonjs/toolkit/loader.js -> resource://devtools/shared/DevToolsUtils.js:466:13
Apr 25, 2016 09:58:47.48 EventLoop.prototype.enter@resource://gre/modules/commonjs/toolkit/loader.js -> resource://devtools/server/actors/script.js:357:5
Apr 25, 2016 09:58:47.48 ThreadActor.prototype._pushThreadPause@resource://gre/modules/commonjs/toolkit/loader.js -> resource://devtools/server/actors/script.js:543:5
Apr 25, 2016 09:58:47.48 ThreadActor.prototype.onAttach@resource://gre/modules/commonjs/toolkit/loader.js -> resource://devtools/server/actors/script.js:657:7
Apr 25, 2016 09:58:47.48 DSC_onPacket@resource://gre/modules/commonjs/toolkit/loader.js -> resource://devtools/server/main.js:1643:15
Apr 25, 2016 09:58:47.48 LocalDebuggerTransport.prototype.send/<@resource://gre/modules/commonjs/toolkit/loader.js -> resource://devtools/shared/transport/transport.js:569:11
Apr 25, 2016 09:58:47.48 makeInfallible/<@resource://gre/modules/commonjs/toolkit/loader.js -> resource://devtools/shared/DevToolsUtils.js:87:14
Apr 25, 2016 09:58:47.48 makeInfallible/<@resource://gre/modules/commonjs/toolkit/loader.js -> resource://devtools/shared/DevToolsUtils.js:87:14
Apr 25, 2016 09:58:47.49 console.warn: DevToolsUtils.dbg_assert is deprecated! Use DevToolsUtils.assert instead!
Apr 25, 2016 09:58:47.49 dbg_assert@resource://gre/modules/commonjs/toolkit/loader.js -> resource://devtools/shared/DevToolsUtils.js:466:13
Apr 25, 2016 09:58:47.49 EventLoop.prototype.enter@resource://gre/modules/commonjs/toolkit/loader.js -> resource://devtools/server/actors/script.js:357:5
Apr 25, 2016 09:58:47.49 ThreadActor.prototype._pushThreadPause@resource://gre/modules/commonjs/toolkit/loader.js -> resource://devtools/server/actors/script.js:543:5
Apr 25, 2016 09:58:47.49 ThreadActor.prototype.onAttach@resource://gre/modules/commonjs/toolkit/loader.js -> resource://devtools/server/actors/script.js:657:7
Apr 25, 2016 09:58:47.49 DSC_onPacket@resource://gre/modules/commonjs/toolkit/loader.js -> resource://devtools/server/main.js:1643:15
Apr 25, 2016 09:58:47.49 LocalDebuggerTransport.prototype.send/<@resource://gre/modules/commonjs/toolkit/loader.js -> resource://devtools/shared/transport/transport.js:569:11
Apr 25, 2016 09:58:47.49 makeInfallible/<@resource://gre/modules/commonjs/toolkit/loader.js -> resource://devtools/shared/DevToolsUtils.js:87:14
Apr 25, 2016 09:58:47.49 makeInfallible/<@resource://gre/modules/commonjs/toolkit/loader.js -> resource://devtools/shared/DevToolsUtils.js:87:14
Apr 25, 2016 09:58:47.49 
Apr 25, 2016 09:58:52.09 1461558532097	FirefoxAccounts	ERROR	error POSTing /certificate/sign: {"error":{},"errorString":"[Exception... \"NS_ERROR_UNKNOWN_HOST\"  nsresult: \"0x804b001e (NS_ERROR_UNKNOWN_HOST)\"  location: \"JS frame :: resource://services-common/rest.js :: onStopRequest :: line 465\"  data: no]","message":null,"code":null,"errno":null}
Apr 25, 2016 09:58:52.09 1461558532097	FirefoxAccounts	ERROR	error POSTing /certificate/sign: {"error":{},"errorString":"[Exception... \"NS_ERROR_UNKNOWN_HOST\"  nsresult: \"0x804b001e (NS_ERROR_UNKNOWN_HOST)\"  location: \"JS frame :: resource://services-common/rest.js :: onStopRequest :: line 465\"  data: no]","message":null,"code":null,"errno":null}
Apr 25, 2016 09:58:52.09 1461558532097	FirefoxAccounts	ERROR	HAWK.signCertificate error: {"error":{},"errorString":"[Exception... \"NS_ERROR_UNKNOWN_HOST\"  nsresult: \"0x804b001e (NS_ERROR_UNKNOWN_HOST)\"  location: \"JS frame :: resource://services-common/rest.js :: onStopRequest :: line 465\"  data: no]","message":null,"code":null,"errno":null}
Apr 25, 2016 09:58:52.09 1461558532097	FirefoxAccounts	ERROR	HAWK.signCertificate error: {"error":{},"errorString":"[Exception... \"NS_ERROR_UNKNOWN_HOST\"  nsresult: \"0x804b001e (NS_ERROR_UNKNOWN_HOST)\"  location: \"JS frame :: resource://services-common/rest.js :: onStopRequest :: line 465\"  data: no]","message":null,"code":null,"errno":null}
Apr 25, 2016 09:58:52.09 1461558532098	Sync.BrowserIDManager	ERROR	Non-authentication error in _fetchTokenForUser: {"error":{},"errorString":"[Exception... \"NS_ERROR_UNKNOWN_HOST\"  nsresult: \"0x804b001e (NS_ERROR_UNKNOWN_HOST)\"  location: \"JS frame :: resource://services-common/rest.js :: onStopRequest :: line 465\"  data: no]","message":null,"code":null,"errno":null}
Apr 25, 2016 09:58:52.09 1461558532098	Sync.BrowserIDManager	ERROR	Background fetch for key bundle failed: {"error":{},"errorString":"[Exception... \"NS_ERROR_UNKNOWN_HOST\"  nsresult: \"0x804b001e (NS_ERROR_UNKNOWN_HOST)\"  location: \"JS frame :: resource://services-common/rest.js :: onStopRequest :: line 465\"  data: no]","message":null,"code":null,"errno":null}
Apr 25, 2016 09:58:52.13 1461558532130	FirefoxAccounts	ERROR	error GETing /account/status?uid=772ef6fe8aa94049adef2e1ccf68a1d3: {"error":{},"errorString":"[Exception... \"NS_ERROR_UNKNOWN_HOST\"  nsresult: \"0x804b001e (NS_ERROR_UNKNOWN_HOST)\"  location: \"JS frame :: resource://services-common/rest.js :: onStopRequest :: line 465\"  data: no]","message":null,"code":null,"errno":null}
Apr 25, 2016 09:58:52.13 1461558532130	FirefoxAccounts	ERROR	error GETing /account/status?uid=772ef6fe8aa94049adef2e1ccf68a1d3: {"error":{},"errorString":"[Exception... \"NS_ERROR_UNKNOWN_HOST\"  nsresult: \"0x804b001e (NS_ERROR_UNKNOWN_HOST)\"  location: \"JS frame :: resource://services-common/rest.js :: onStopRequest :: line 465\"  data: no]","message":null,"code":null,"errno":null}
Apr 25, 2016 09:58:52.13 1461558532130	FirefoxAccounts	ERROR	accountStatus failed with: null: null
Apr 25, 2016 09:58:52.13 1461558532130	FirefoxAccounts	ERROR	accountStatus failed with: null: null
Apr 25, 2016 09:58:52.13 1461558532132	Sync.BrowserIDManager	ERROR	Error while trying to determine FXA existence: {"error":{},"errorString":"[Exception... \"NS_ERROR_UNKNOWN_HOST\"  nsresult: \"0x804b001e (NS_ERROR_UNKNOWN_HOST)\"  location: \"JS frame :: resource://services-common/rest.js :: onStopRequest :: line 465\"  data: no]","message":null,"code":null,"errno":null}
Apr 25, 2016 09:58:52.13 1461558532133	Sync.BrowserIDManager	ERROR	Could not authenticate: {"error":{},"errorString":"[Exception... \"NS_ERROR_UNKNOWN_HOST\"  nsresult: \"0x804b001e (NS_ERROR_UNKNOWN_HOST)\"  location: \"JS frame :: resource://services-common/rest.js :: onStopRequest :: line 465\"  data: no]","message":null,"code":null,"errno":null}
Apr 25, 2016 09:58:52.13 1461558532137	Sync.ErrorHandler	ERROR	Sync encountered a login error
Apr 25, 2016 09:58:52.16 1461558532162	FirefoxAccounts	ERROR	Could not retrieve profile data: {"name":"FxAccountsProfileClientError","code":null,"errno":998,"error":"NETWORK_ERROR","message":"[Exception... \"NS_ERROR_UNKNOWN_HOST\"  nsresult: \"0x804b001e (NS_ERROR_UNKNOWN_HOST)\"  location: \"JS frame :: resource://services-common/rest.js :: onStopRequest :: line 465\"  data: no]"}
Apr 25, 2016 09:58:52.16 1461558532162	FirefoxAccounts	ERROR	Could not retrieve profile data: {"name":"FxAccountsProfileClientError","code":null,"errno":998,"error":"NETWORK_ERROR","message":"[Exception... \"NS_ERROR_UNKNOWN_HOST\"  nsresult: \"0x804b001e (NS_ERROR_UNKNOWN_HOST)\"  location: \"JS frame :: resource://services-common/rest.js :: onStopRequest :: line 465\"  data: no]"}
Apr 25, 2016 09:58:52.16 1461558532164	FirefoxAccounts	ERROR	FxA rejecting with error NETWORK_ERROR, details: {"name":"FxAccountsProfileClientError","code":null,"errno":998,"error":"NETWORK_ERROR","message":"[Exception... \"NS_ERROR_UNKNOWN_HOST\"  nsresult: \"0x804b001e (NS_ERROR_UNKNOWN_HOST)\"  location: \"JS frame :: resource://services-common/rest.js :: onStopRequest :: line 465\"  data: no]"}
Apr 25, 2016 09:58:52.16 1461558532164	FirefoxAccounts	ERROR	FxA rejecting with error NETWORK_ERROR, details: {"name":"FxAccountsProfileClientError","code":null,"errno":998,"error":"NETWORK_ERROR","message":"[Exception... \"NS_ERROR_UNKNOWN_HOST\"  nsresult: \"0x804b001e (NS_ERROR_UNKNOWN_HOST)\"  location: \"JS frame :: resource://services-common/rest.js :: onStopRequest :: line 465\"  data: no]"}
Apr 25, 2016 12:24:48.03 1461567288029	Sync.Engine.Addons	ERROR	null
Apr 25, 2016 12:24:48.87 1461567288872	Sync.Engine.Addons	ERROR	null

Apr 25, 2016 15:22:55.60 NEW SESSION
Apr 25, 2016 15:22:55.60 
Apr 25, 2016 15:22:55.65 (firefox:5104): GLib-GObject-WARNING **: Attempt to add property GnomeProgram::sm-connect after class was initialised
Apr 25, 2016 15:22:55.65 
Apr 25, 2016 15:22:55.65 (firefox:5104): GLib-GObject-WARNING **: Attempt to add property GnomeProgram::show-crash-dialog after class was initialised
Apr 25, 2016 15:22:55.65 
Apr 25, 2016 15:22:55.65 (firefox:5104): GLib-GObject-WARNING **: Attempt to add property GnomeProgram::display after class was initialised
Apr 25, 2016 15:22:55.65 
Apr 25, 2016 15:22:55.65 (firefox:5104): GLib-GObject-WARNING **: Attempt to add property GnomeProgram::default-icon after class was initialised
Apr 25, 2016 15:23:00.58 
Apr 25, 2016 15:23:00.59 (firefox:5156): GLib-GObject-WARNING **: Attempt to add property GnomeProgram::sm-connect after class was initialised
Apr 25, 2016 15:23:00.59 
Apr 25, 2016 15:23:00.59 (firefox:5156): GLib-GObject-WARNING **: Attempt to add property GnomeProgram::show-crash-dialog after class was initialised
Apr 25, 2016 15:23:00.59 
Apr 25, 2016 15:23:00.59 (firefox:5156): GLib-GObject-WARNING **: Attempt to add property GnomeProgram::display after class was initialised
Apr 25, 2016 15:23:00.59 
Apr 25, 2016 15:23:00.59 (firefox:5156): GLib-GObject-WARNING **: Attempt to add property GnomeProgram::default-icon after class was initialised

Apr 26, 2016 11:41:39.86 NEW SESSION
Apr 26, 2016 11:41:39.86 
Apr 26, 2016 11:41:39.96 (firefox:4855): GLib-GObject-WARNING **: Attempt to add property GnomeProgram::sm-connect after class was initialised
Apr 26, 2016 11:41:39.96 
Apr 26, 2016 11:41:39.96 (firefox:4855): GLib-GObject-WARNING **: Attempt to add property GnomeProgram::show-crash-dialog after class was initialised
Apr 26, 2016 11:41:39.96 
Apr 26, 2016 11:41:39.96 (firefox:4866): GLib-GObject-WARNING **: Attempt to add property GnomeProgram::sm-connect after class was initialised
Apr 26, 2016 11:41:39.96 
Apr 26, 2016 11:41:39.96 (firefox:4855): GLib-GObject-WARNING **: Attempt to add property GnomeProgram::display after class was initialised
Apr 26, 2016 11:41:39.96 
Apr 26, 2016 11:41:39.96 (firefox:4855): GLib-GObject-WARNING **: Attempt to add property GnomeProgram::default-icon after class was initialised
Apr 26, 2016 11:41:39.96 
Apr 26, 2016 11:41:39.96 (firefox:4866): GLib-GObject-WARNING **: Attempt to add property GnomeProgram::show-crash-dialog after class was initialised
Apr 26, 2016 11:41:39.96 
Apr 26, 2016 11:41:39.96 (firefox:4866): GLib-GObject-WARNING **: Attempt to add property GnomeProgram::display after class was initialised
Apr 26, 2016 11:41:39.96 
Apr 26, 2016 11:41:39.96 (firefox:4866): GLib-GObject-WARNING **: Attempt to add property GnomeProgram::default-icon after class was initialised
Apr 26, 2016 11:57:51.10 
Apr 26, 2016 11:57:51.30 (firefox:5612): GLib-GObject-WARNING **: Attempt to add property GnomeProgram::sm-connect after class was initialised
Apr 26, 2016 11:57:51.30 
Apr 26, 2016 11:57:51.30 (firefox:5612): GLib-GObject-WARNING **: Attempt to add property GnomeProgram::show-crash-dialog after class was initialised
Apr 26, 2016 11:57:51.30 
Apr 26, 2016 11:57:51.30 (firefox:5612): GLib-GObject-WARNING **: Attempt to add property GnomeProgram::display after class was initialised
Apr 26, 2016 11:57:51.30 
Apr 26, 2016 11:57:51.30 (firefox:5612): GLib-GObject-WARNING **: Attempt to add property GnomeProgram::default-icon after class was initialised
Apr 26, 2016 11:58:04.91 
Apr 26, 2016 11:58:04.91 (firefox:5700): GLib-GObject-WARNING **: Attempt to add property GnomeProgram::sm-connect after class was initialised
Apr 26, 2016 11:58:04.91 
Apr 26, 2016 11:58:04.91 (firefox:5700): GLib-GObject-WARNING **: Attempt to add property GnomeProgram::show-crash-dialog after class was initialised
Apr 26, 2016 11:58:04.91 
Apr 26, 2016 11:58:04.91 (firefox:5700): GLib-GObject-WARNING **: Attempt to add property GnomeProgram::display after class was initialised
Apr 26, 2016 11:58:04.91 
Apr 26, 2016 11:58:04.91 (firefox:5700): GLib-GObject-WARNING **: Attempt to add property GnomeProgram::default-icon after class was initialised
Apr 26, 2016 11:58:15.17 1461652095173	FirefoxAccounts	ERROR	Could not retrieve profile data: {"name":"FxAccountsProfileClientError","code":null,"errno":998,"error":"NETWORK_ERROR","message":"[Exception... \"NS_ERROR_CONNECTION_REFUSED\"  nsresult: \"0x804b000d (NS_ERROR_CONNECTION_REFUSED)\"  location: \"JS frame :: resource://services-common/rest.js :: onStopRequest :: line 465\"  data: no]"}
Apr 26, 2016 11:58:15.17 1461652095175	FirefoxAccounts	ERROR	FxA rejecting with error NETWORK_ERROR, details: {"name":"FxAccountsProfileClientError","code":null,"errno":998,"error":"NETWORK_ERROR","message":"[Exception... \"NS_ERROR_CONNECTION_REFUSED\"  nsresult: \"0x804b000d (NS_ERROR_CONNECTION_REFUSED)\"  location: \"JS frame :: resource://services-common/rest.js :: onStopRequest :: line 465\"  data: no]"}
Apr 26, 2016 11:58:16.34 1461652096342	FirefoxAccounts	ERROR	Could not retrieve profile data: {"name":"FxAccountsProfileClientError","code":null,"errno":998,"error":"NETWORK_ERROR","message":"[Exception... \"NS_ERROR_CONNECTION_REFUSED\"  nsresult: \"0x804b000d (NS_ERROR_CONNECTION_REFUSED)\"  location: \"JS frame :: resource://services-common/rest.js :: onStopRequest :: line 465\"  data: no]"}
Apr 26, 2016 11:58:16.34 1461652096342	FirefoxAccounts	ERROR	Could not retrieve profile data: {"name":"FxAccountsProfileClientError","code":null,"errno":998,"error":"NETWORK_ERROR","message":"[Exception... \"NS_ERROR_CONNECTION_REFUSED\"  nsresult: \"0x804b000d (NS_ERROR_CONNECTION_REFUSED)\"  location: \"JS frame :: resource://services-common/rest.js :: onStopRequest :: line 465\"  data: no]"}
Apr 26, 2016 11:58:16.34 1461652096345	FirefoxAccounts	ERROR	FxA rejecting with error NETWORK_ERROR, details: {"name":"FxAccountsProfileClientError","code":null,"errno":998,"error":"NETWORK_ERROR","message":"[Exception... \"NS_ERROR_CONNECTION_REFUSED\"  nsresult: \"0x804b000d (NS_ERROR_CONNECTION_REFUSED)\"  location: \"JS frame :: resource://services-common/rest.js :: onStopRequest :: line 465\"  data: no]"}
Apr 26, 2016 11:58:16.34 1461652096345	FirefoxAccounts	ERROR	FxA rejecting with error NETWORK_ERROR, details: {"name":"FxAccountsProfileClientError","code":null,"errno":998,"error":"NETWORK_ERROR","message":"[Exception... \"NS_ERROR_CONNECTION_REFUSED\"  nsresult: \"0x804b000d (NS_ERROR_CONNECTION_REFUSED)\"  location: \"JS frame :: resource://services-common/rest.js :: onStopRequest :: line 465\"  data: no]"}
Apr 26, 2016 12:02:05.91 1461652325913	addons.repository	WARN	Search failed when repopulating cache
Apr 26, 2016 12:02:06.07 1461652326076	addons.update-checker	WARN	HTTP Request failed for an unknown reason
Apr 26, 2016 12:02:06.07 1461652326078	addons.update-checker	WARN	HTTP Request failed for an unknown reason
Apr 26, 2016 12:02:06.08 1461652326081	addons.update-checker	WARN	HTTP Request failed for an unknown reason
Apr 26, 2016 12:02:06.09 1461652326089	addons.update-checker	WARN	HTTP Request failed for an unknown reason
Apr 26, 2016 12:02:06.11 1461652326113	addons.update-checker	WARN	HTTP Request failed for an unknown reason
Apr 26, 2016 12:02:06.11 1461652326116	addons.update-checker	WARN	HTTP Request failed for an unknown reason
Apr 26, 2016 12:02:06.12 1461652326120	addons.update-checker	WARN	HTTP Request failed for an unknown reason
Apr 26, 2016 12:02:06.12 1461652326122	addons.update-checker	WARN	HTTP Request failed for an unknown reason
Apr 26, 2016 12:02:06.33 1461652326332	addons.update-checker	WARN	HTTP Request failed for an unknown reason
Apr 26, 2016 12:02:06.36 1461652326365	addons.update-checker	WARN	HTTP Request failed for an unknown reason
Apr 26, 2016 12:02:06.58 1461652326587	addons.productaddons	WARN	Failed downloading XML, status: 0, reason: error
Apr 26, 2016 12:02:06.59 1461652326589	addons.manager	WARN	Failed to update system addons: Error: Failed downloading XML, status: 0, reason: error (resource://gre/modules/addons/ProductAddonChecker.jsm:103:16) JS Stack trace: downloadXML/</fail@ProductAddonChecker.jsm:103:16

Apr 30, 2016 09:36:29.49 NEW SESSION
Apr 30, 2016 09:36:29.49 
Apr 30, 2016 09:36:29.51 (firefox:3665): GLib-GObject-WARNING **: Attempt to add property GnomeProgram::sm-connect after class was initialised
Apr 30, 2016 09:36:29.51 
Apr 30, 2016 09:36:29.51 (firefox:3665): GLib-GObject-WARNING **: Attempt to add property GnomeProgram::show-crash-dialog after class was initialised
Apr 30, 2016 09:36:29.51 
Apr 30, 2016 09:36:29.51 (firefox:3665): GLib-GObject-WARNING **: Attempt to add property GnomeProgram::display after class was initialised
Apr 30, 2016 09:36:29.51 
Apr 30, 2016 09:36:29.51 (firefox:3665): GLib-GObject-WARNING **: Attempt to add property GnomeProgram::default-icon after class was initialised
Apr 30, 2016 09:36:33.40 
Apr 30, 2016 09:36:33.40 (firefox:3719): GLib-GObject-WARNING **: Attempt to add property GnomeProgram::sm-connect after class was initialised
Apr 30, 2016 09:36:33.40 
Apr 30, 2016 09:36:33.40 (firefox:3719): GLib-GObject-WARNING **: Attempt to add property GnomeProgram::show-crash-dialog after class was initialised
Apr 30, 2016 09:36:33.40 
Apr 30, 2016 09:36:33.40 (firefox:3719): GLib-GObject-WARNING **: Attempt to add property GnomeProgram::display after class was initialised
Apr 30, 2016 09:36:33.40 
Apr 30, 2016 09:36:33.40 (firefox:3719): GLib-GObject-WARNING **: Attempt to add property GnomeProgram::default-icon after class was initialised
Apr 30, 2016 09:36:38.41 1461989198409	FirefoxAccounts	ERROR	Could not retrieve profile data: {"name":"FxAccountsProfileClientError","code":null,"errno":998,"error":"NETWORK_ERROR","message":"[Exception... \"NS_ERROR_CONNECTION_REFUSED\"  nsresult: \"0x804b000d (NS_ERROR_CONNECTION_REFUSED)\"  location: \"JS frame :: resource://services-common/rest.js :: onStopRequest :: line 465\"  data: no]"}
Apr 30, 2016 09:36:38.41 1461989198411	FirefoxAccounts	ERROR	FxA rejecting with error NETWORK_ERROR, details: {"name":"FxAccountsProfileClientError","code":null,"errno":998,"error":"NETWORK_ERROR","message":"[Exception... \"NS_ERROR_CONNECTION_REFUSED\"  nsresult: \"0x804b000d (NS_ERROR_CONNECTION_REFUSED)\"  location: \"JS frame :: resource://services-common/rest.js :: onStopRequest :: line 465\"  data: no]"}
Apr 30, 2016 09:36:44.80 1461989204803	FirefoxAccounts	ERROR	Could not retrieve profile data: {"name":"FxAccountsProfileClientError","code":null,"errno":998,"error":"NETWORK_ERROR","message":"[Exception... \"NS_ERROR_CONNECTION_REFUSED\"  nsresult: \"0x804b000d (NS_ERROR_CONNECTION_REFUSED)\"  location: \"JS frame :: resource://services-common/rest.js :: onStopRequest :: line 465\"  data: no]"}
Apr 30, 2016 09:36:44.80 1461989204803	FirefoxAccounts	ERROR	Could not retrieve profile data: {"name":"FxAccountsProfileClientError","code":null,"errno":998,"error":"NETWORK_ERROR","message":"[Exception... \"NS_ERROR_CONNECTION_REFUSED\"  nsresult: \"0x804b000d (NS_ERROR_CONNECTION_REFUSED)\"  location: \"JS frame :: resource://services-common/rest.js :: onStopRequest :: line 465\"  data: no]"}
Apr 30, 2016 09:36:44.80 1461989204805	FirefoxAccounts	ERROR	FxA rejecting with error NETWORK_ERROR, details: {"name":"FxAccountsProfileClientError","code":null,"errno":998,"error":"NETWORK_ERROR","message":"[Exception... \"NS_ERROR_CONNECTION_REFUSED\"  nsresult: \"0x804b000d (NS_ERROR_CONNECTION_REFUSED)\"  location: \"JS frame :: resource://services-common/rest.js :: onStopRequest :: line 465\"  data: no]"}
Apr 30, 2016 09:36:44.80 1461989204805	FirefoxAccounts	ERROR	FxA rejecting with error NETWORK_ERROR, details: {"name":"FxAccountsProfileClientError","code":null,"errno":998,"error":"NETWORK_ERROR","message":"[Exception... \"NS_ERROR_CONNECTION_REFUSED\"  nsresult: \"0x804b000d (NS_ERROR_CONNECTION_REFUSED)\"  location: \"JS frame :: resource://services-common/rest.js :: onStopRequest :: line 465\"  data: no]"}
Apr 30, 2016 09:37:36.35 1461989256354	addons.productaddons	WARN	Failed downloading XML, status: 0, reason: error
Apr 30, 2016 09:38:34.43 1461989314432	addons.repository	WARN	Search failed when repopulating cache
Apr 30, 2016 09:38:34.64 1461989314646	addons.update-checker	WARN	HTTP Request failed for an unknown reason
Apr 30, 2016 09:38:34.65 1461989314649	addons.update-checker	WARN	HTTP Request failed for an unknown reason
Apr 30, 2016 09:38:34.65 1461989314651	addons.update-checker	WARN	HTTP Request failed for an unknown reason
Apr 30, 2016 09:38:34.65 1461989314654	addons.update-checker	WARN	HTTP Request failed for an unknown reason
Apr 30, 2016 09:38:34.69 1461989314690	addons.productaddons	WARN	Failed downloading XML, status: 0, reason: error
Apr 30, 2016 09:38:34.76 1461989314760	addons.update-checker	WARN	HTTP Request failed for an unknown reason
Apr 30, 2016 09:38:34.76 1461989314768	addons.update-checker	WARN	HTTP Request failed for an unknown reason
Apr 30, 2016 09:38:34.78 1461989314781	addons.update-checker	WARN	HTTP Request failed for an unknown reason
Apr 30, 2016 09:38:34.79 1461989314789	addons.update-checker	WARN	HTTP Request failed for an unknown reason
Apr 30, 2016 09:38:34.97 1461989314972	addons.update-checker	WARN	HTTP Request failed for an unknown reason
Apr 30, 2016 09:38:34.99 1461989314997	addons.update-checker	WARN	HTTP Request failed for an unknown reason
Apr 30, 2016 09:38:35.05 1461989315054	addons.productaddons	WARN	Failed downloading XML, status: 0, reason: error
Apr 30, 2016 09:38:35.05 1461989315055	addons.manager	WARN	Failed to update system addons: Error: Failed downloading XML, status: 0, reason: error (resource://gre/modules/addons/ProductAddonChecker.jsm:103:16) JS Stack trace: downloadXML/</fail@ProductAddonChecker.jsm:103:16

Apr 30, 2016 15:04:26.57 NEW SESSION
Apr 30, 2016 15:04:26.57 
Apr 30, 2016 15:04:26.61 (firefox:10433): GLib-GObject-WARNING **: Attempt to add property GnomeProgram::sm-connect after class was initialised
Apr 30, 2016 15:04:26.61 
Apr 30, 2016 15:04:26.61 (firefox:10433): GLib-GObject-WARNING **: Attempt to add property GnomeProgram::show-crash-dialog after class was initialised
Apr 30, 2016 15:04:26.61 
Apr 30, 2016 15:04:26.61 (firefox:10433): GLib-GObject-WARNING **: Attempt to add property GnomeProgram::display after class was initialised
Apr 30, 2016 15:04:26.61 
Apr 30, 2016 15:04:26.61 (firefox:10433): GLib-GObject-WARNING **: Attempt to add property GnomeProgram::default-icon after class was initialised
Apr 30, 2016 15:04:33.73 
Apr 30, 2016 15:04:33.73 (firefox:10488): GLib-GObject-WARNING **: Attempt to add property GnomeProgram::sm-connect after class was initialised
Apr 30, 2016 15:04:33.73 
Apr 30, 2016 15:04:33.73 (firefox:10488): GLib-GObject-WARNING **: Attempt to add property GnomeProgram::show-crash-dialog after class was initialised
Apr 30, 2016 15:04:33.73 
Apr 30, 2016 15:04:33.73 (firefox:10488): GLib-GObject-WARNING **: Attempt to add property GnomeProgram::display after class was initialised
Apr 30, 2016 15:04:33.74 
Apr 30, 2016 15:04:33.74 (firefox:10488): GLib-GObject-WARNING **: Attempt to add property GnomeProgram::default-icon after class was initialised
Apr 30, 2016 15:04:57.20 hashcompleter: cancelling request to https://safebrowsing.google.com/safebrowsing/gethash?client=navclient-auto-ffox&appver=45.0.2&pver=2.2
Apr 30, 2016 15:04:57.21 hashcompleter: notifying failure
Apr 30, 2016 15:32:15.17 DevToolsUtils.dbg_assert is deprecated! Use DevToolsUtils.assert instead!
Apr 30, 2016 15:32:15.23 dbg_assert@resource://gre/modules/commonjs/toolkit/loader.js -> resource://devtools/shared/DevToolsUtils.js:466:13
Apr 30, 2016 15:32:15.23 EventLoop.prototype.enter@resource://gre/modules/commonjs/toolkit/loader.js -> resource://devtools/server/actors/script.js:357:5
Apr 30, 2016 15:32:15.23 ThreadActor.prototype._pushThreadPause@resource://gre/modules/commonjs/toolkit/loader.js -> resource://devtools/server/actors/script.js:543:5
Apr 30, 2016 15:32:15.23 ThreadActor.prototype.onAttach@resource://gre/modules/commonjs/toolkit/loader.js -> resource://devtools/server/actors/script.js:657:7
Apr 30, 2016 15:32:15.23 DSC_onPacket@resource://gre/modules/commonjs/toolkit/loader.js -> resource://devtools/server/main.js:1643:15
Apr 30, 2016 15:32:15.23 LocalDebuggerTransport.prototype.send/<@resource://gre/modules/commonjs/toolkit/loader.js -> resource://devtools/shared/transport/transport.js:569:11
Apr 30, 2016 15:32:15.23 makeInfallible/<@resource://gre/modules/commonjs/toolkit/loader.js -> resource://devtools/shared/DevToolsUtils.js:87:14
Apr 30, 2016 15:32:15.23 makeInfallible/<@resource://gre/modules/commonjs/toolkit/loader.js -> resource://devtools/shared/DevToolsUtils.js:87:14
Apr 30, 2016 15:32:15.23 console.warn: DevToolsUtils.dbg_assert is deprecated! Use DevToolsUtils.assert instead!
Apr 30, 2016 15:32:15.23 dbg_assert@resource://gre/modules/commonjs/toolkit/loader.js -> resource://devtools/shared/DevToolsUtils.js:466:13
Apr 30, 2016 15:32:15.23 EventLoop.prototype.enter@resource://gre/modules/commonjs/toolkit/loader.js -> resource://devtools/server/actors/script.js:357:5
Apr 30, 2016 15:32:15.23 ThreadActor.prototype._pushThreadPause@resource://gre/modules/commonjs/toolkit/loader.js -> resource://devtools/server/actors/script.js:543:5
Apr 30, 2016 15:32:15.23 ThreadActor.prototype.onAttach@resource://gre/modules/commonjs/toolkit/loader.js -> resource://devtools/server/actors/script.js:657:7
Apr 30, 2016 15:32:15.23 DSC_onPacket@resource://gre/modules/commonjs/toolkit/loader.js -> resource://devtools/server/main.js:1643:15
Apr 30, 2016 15:32:15.23 LocalDebuggerTransport.prototype.send/<@resource://gre/modules/commonjs/toolkit/loader.js -> resource://devtools/shared/transport/transport.js:569:11
Apr 30, 2016 15:32:15.23 makeInfallible/<@resource://gre/modules/commonjs/toolkit/loader.js -> resource://devtools/shared/DevToolsUtils.js:87:14
Apr 30, 2016 15:32:15.23 makeInfallible/<@resource://gre/modules/commonjs/toolkit/loader.js -> resource://devtools/shared/DevToolsUtils.js:87:14
Apr 30, 2016 15:32:15.23 

May 01, 2016 11:38:25.44 NEW SESSION
May 01, 2016 11:38:25.44 
May 01, 2016 11:38:25.47 (firefox:6182): GLib-GObject-WARNING **: Attempt to add property GnomeProgram::sm-connect after class was initialised
May 01, 2016 11:38:25.47 
May 01, 2016 11:38:25.47 (firefox:6182): GLib-GObject-WARNING **: Attempt to add property GnomeProgram::show-crash-dialog after class was initialised
May 01, 2016 11:38:25.47 
May 01, 2016 11:38:25.47 (firefox:6182): GLib-GObject-WARNING **: Attempt to add property GnomeProgram::display after class was initialised
May 01, 2016 11:38:25.47 
May 01, 2016 11:38:25.47 (firefox:6182): GLib-GObject-WARNING **: Attempt to add property GnomeProgram::default-icon after class was initialised
May 01, 2016 11:38:31.77 
May 01, 2016 11:38:31.77 (firefox:6234): GLib-GObject-WARNING **: Attempt to add property GnomeProgram::sm-connect after class was initialised
May 01, 2016 11:38:31.77 
May 01, 2016 11:38:31.77 (firefox:6234): GLib-GObject-WARNING **: Attempt to add property GnomeProgram::show-crash-dialog after class was initialised
May 01, 2016 11:38:31.77 
May 01, 2016 11:38:31.77 (firefox:6234): GLib-GObject-WARNING **: Attempt to add property GnomeProgram::display after class was initialised
May 01, 2016 11:38:31.77 
May 01, 2016 11:38:31.77 (firefox:6234): GLib-GObject-WARNING **: Attempt to add property GnomeProgram::default-icon after class was initialised
May 01, 2016 11:44:35.56 1462083275562	addons.update-checker	WARN	Update manifest for ubufox@ubuntu.com did not contain an updates property
May 01, 2016 11:44:36.32 1462083276324	addons.update-checker	WARN	Update manifest for {972ce4c6-7e08-4474-a285-3208198ce6fd} did not contain an updates property

May 02, 2016 20:25:31.59 NEW SESSION
May 02, 2016 20:25:31.59 
May 02, 2016 20:25:31.61 (firefox:5402): GLib-GObject-WARNING **: Attempt to add property GnomeProgram::sm-connect after class was initialised
May 02, 2016 20:25:31.61 
May 02, 2016 20:25:31.61 (firefox:5402): GLib-GObject-WARNING **: Attempt to add property GnomeProgram::show-crash-dialog after class was initialised
May 02, 2016 20:25:31.62 
May 02, 2016 20:25:31.62 (firefox:5402): GLib-GObject-WARNING **: Attempt to add property GnomeProgram::display after class was initialised
May 02, 2016 20:25:31.62 
May 02, 2016 20:25:31.62 (firefox:5402): GLib-GObject-WARNING **: Attempt to add property GnomeProgram::default-icon after class was initialised
May 02, 2016 20:25:38.08 
May 02, 2016 20:25:38.08 (firefox:5455): GLib-GObject-WARNING **: Attempt to add property GnomeProgram::sm-connect after class was initialised
May 02, 2016 20:25:38.08 
May 02, 2016 20:25:38.08 (firefox:5455): GLib-GObject-WARNING **: Attempt to add property GnomeProgram::show-crash-dialog after class was initialised
May 02, 2016 20:25:38.08 
May 02, 2016 20:25:38.08 (firefox:5455): GLib-GObject-WARNING **: Attempt to add property GnomeProgram::display after class was initialised
May 02, 2016 20:25:38.08 
May 02, 2016 20:25:38.08 (firefox:5455): GLib-GObject-WARNING **: Attempt to add property GnomeProgram::default-icon after class was initialised
May 02, 2016 20:31:41.00 1462201301008	addons.update-checker	WARN	Update manifest for ubufox@ubuntu.com did not contain an updates property
May 02, 2016 20:31:41.45 1462201301457	addons.update-checker	WARN	Update manifest for {972ce4c6-7e08-4474-a285-3208198ce6fd} did not contain an updates property

May 03, 2016 11:20:25.19 NEW SESSION
May 03, 2016 11:20:25.19 
May 03, 2016 11:20:25.24 (firefox:4094): GLib-GObject-WARNING **: Attempt to add property GnomeProgram::sm-connect after class was initialised
May 03, 2016 11:20:25.24 
May 03, 2016 11:20:25.24 (firefox:4094): GLib-GObject-WARNING **: Attempt to add property GnomeProgram::show-crash-dialog after class was initialised
May 03, 2016 11:20:25.24 
May 03, 2016 11:20:25.24 (firefox:4094): GLib-GObject-WARNING **: Attempt to add property GnomeProgram::display after class was initialised
May 03, 2016 11:20:25.24 
May 03, 2016 11:20:25.24 (firefox:4094): GLib-GObject-WARNING **: Attempt to add property GnomeProgram::default-icon after class was initialised
May 03, 2016 11:20:30.41 
May 03, 2016 11:20:30.41 (firefox:4148): GLib-GObject-WARNING **: Attempt to add property GnomeProgram::sm-connect after class was initialised
May 03, 2016 11:20:30.41 
May 03, 2016 11:20:30.41 (firefox:4148): GLib-GObject-WARNING **: Attempt to add property GnomeProgram::show-crash-dialog after class was initialised
May 03, 2016 11:20:30.42 
May 03, 2016 11:20:30.42 (firefox:4148): GLib-GObject-WARNING **: Attempt to add property GnomeProgram::display after class was initialised
May 03, 2016 11:20:30.42 
May 03, 2016 11:20:30.42 (firefox:4148): GLib-GObject-WARNING **: Attempt to add property GnomeProgram::default-icon after class was initialised
May 03, 2016 11:37:19.62 DevToolsUtils.dbg_assert is deprecated! Use DevToolsUtils.assert instead!
May 03, 2016 11:37:19.63 dbg_assert@resource://gre/modules/commonjs/toolkit/loader.js -> resource://devtools/shared/DevToolsUtils.js:466:13
May 03, 2016 11:37:19.63 EventLoop.prototype.enter@resource://gre/modules/commonjs/toolkit/loader.js -> resource://devtools/server/actors/script.js:357:5
May 03, 2016 11:37:19.63 ThreadActor.prototype._pushThreadPause@resource://gre/modules/commonjs/toolkit/loader.js -> resource://devtools/server/actors/script.js:543:5
May 03, 2016 11:37:19.63 ThreadActor.prototype.onAttach@resource://gre/modules/commonjs/toolkit/loader.js -> resource://devtools/server/actors/script.js:657:7
May 03, 2016 11:37:19.63 DSC_onPacket@resource://gre/modules/commonjs/toolkit/loader.js -> resource://devtools/server/main.js:1643:15
May 03, 2016 11:37:19.63 LocalDebuggerTransport.prototype.send/<@resource://gre/modules/commonjs/toolkit/loader.js -> resource://devtools/shared/transport/transport.js:569:11
May 03, 2016 11:37:19.63 makeInfallible/<@resource://gre/modules/commonjs/toolkit/loader.js -> resource://devtools/shared/DevToolsUtils.js:87:14
May 03, 2016 11:37:19.63 makeInfallible/<@resource://gre/modules/commonjs/toolkit/loader.js -> resource://devtools/shared/DevToolsUtils.js:87:14
May 03, 2016 11:37:19.65 console.warn: DevToolsUtils.dbg_assert is deprecated! Use DevToolsUtils.assert instead!
May 03, 2016 11:37:19.65 dbg_assert@resource://gre/modules/commonjs/toolkit/loader.js -> resource://devtools/shared/DevToolsUtils.js:466:13
May 03, 2016 11:37:19.65 EventLoop.prototype.enter@resource://gre/modules/commonjs/toolkit/loader.js -> resource://devtools/server/actors/script.js:357:5
May 03, 2016 11:37:19.65 ThreadActor.prototype._pushThreadPause@resource://gre/modules/commonjs/toolkit/loader.js -> resource://devtools/server/actors/script.js:543:5
May 03, 2016 11:37:19.65 ThreadActor.prototype.onAttach@resource://gre/modules/commonjs/toolkit/loader.js -> resource://devtools/server/actors/script.js:657:7
May 03, 2016 11:37:19.65 DSC_onPacket@resource://gre/modules/commonjs/toolkit/loader.js -> resource://devtools/server/main.js:1643:15
May 03, 2016 11:37:19.65 LocalDebuggerTransport.prototype.send/<@resource://gre/modules/commonjs/toolkit/loader.js -> resource://devtools/shared/transport/transport.js:569:11
May 03, 2016 11:37:19.65 makeInfallible/<@resource://gre/modules/commonjs/toolkit/loader.js -> resource://devtools/shared/DevToolsUtils.js:87:14
May 03, 2016 11:37:19.65 makeInfallible/<@resource://gre/modules/commonjs/toolkit/loader.js -> resource://devtools/shared/DevToolsUtils.js:87:14
May 03, 2016 11:37:19.66 

May 03, 2016 15:21:27.74 NEW SESSION
May 03, 2016 15:21:27.74 
May 03, 2016 15:21:27.83 (firefox:9449): GLib-GObject-WARNING **: Attempt to add property GnomeProgram::sm-connect after class was initialised
May 03, 2016 15:21:27.83 
May 03, 2016 15:21:27.83 (firefox:9449): GLib-GObject-WARNING **: Attempt to add property GnomeProgram::show-crash-dialog after class was initialised
May 03, 2016 15:21:27.83 
May 03, 2016 15:21:27.83 (firefox:9449): GLib-GObject-WARNING **: Attempt to add property GnomeProgram::display after class was initialised
May 03, 2016 15:21:27.83 
May 03, 2016 15:21:27.83 (firefox:9449): GLib-GObject-WARNING **: Attempt to add property GnomeProgram::default-icon after class was initialised
May 03, 2016 15:21:53.91 1462269113909	FirefoxAccounts	ERROR	Failed to get data from the login manager: [Exception... "Component returned failure code: 0x80570016 (NS_ERROR_XPC_GS_RETURNED_FAILURE) [nsIJSCID.getService]"  nsresult: "0x80570016 (NS_ERROR_XPC_GS_RETURNED_FAILURE)"  location: "JS frame :: resource://gre/modules/XPCOMUtils.jsm :: XPCU_serviceLambda :: line 230"  data: no] Stack trace: XPCU_serviceLambda()@resource://gre/modules/XPCOMUtils.jsm:230 < XPCU_defineLazyGetter/<.get()@resource://gre/modules/XPCOMUtils.jsm:198 < LoginManagerStorage.prototype.get<()@resource://gre/modules/FxAccountsStorage.jsm:555 < TaskImpl_run()@resource://gre/modules/Task.jsm:315 < TaskImpl()@resource://gre/modules/Task.jsm:276 < createAsyncFunction/asyncFunction()@resource://gre/modules/Task.jsm:250 < this.FxAccountsStorageManager.prototype._doReadAndUpdateSecure<()@resource://gre/modules/FxAccountsStorage.jsm:319 < TaskImpl_run()@resource://gre/modules/Task.jsm:315 < TaskImpl()@resource://gre/modules/Task.jsm:276 < createAsyncFunction/asyncFunction()@resource://gre/modules/Task.jsm:250 < this.FxAccountsStorageManager.prototype._initialize<()@resource://gre/modules/FxAccountsStorage.jsm:88 < TaskImpl_run()@resource://gre/modules/Task.jsm:315 < Handler.prototype.process()@resource://gre/modules/Promise.jsm -> resource://gre/modules/Promise-backend.js:933 < this.PromiseWalker.walkerLoop()@resource://gre/modules/Promise.jsm -> resource://gre/modules/Promise-backend.js:812 < this.PromiseWalker.scheduleWalkerLoop/<()@resource://gre/modules/Promise.jsm -> resource://gre/modules/Promise-backend.js:746 < Spinner.prototype.observe()@resource://gre/modules/AsyncShutdown.jsm:529
May 03, 2016 15:22:12.63 
May 03, 2016 15:22:12.63 (firefox:9507): GLib-GObject-WARNING **: Attempt to add property GnomeProgram::sm-connect after class was initialised
May 03, 2016 15:22:12.63 
May 03, 2016 15:22:12.63 (firefox:9507): GLib-GObject-WARNING **: Attempt to add property GnomeProgram::show-crash-dialog after class was initialised
May 03, 2016 15:22:12.63 
May 03, 2016 15:22:12.63 (firefox:9507): GLib-GObject-WARNING **: Attempt to add property GnomeProgram::display after class was initialised
May 03, 2016 15:22:12.63 
May 03, 2016 15:22:12.63 (firefox:9507): GLib-GObject-WARNING **: Attempt to add property GnomeProgram::default-icon after class was initialised
May 03, 2016 15:22:48.53 
May 03, 2016 15:22:48.53 ###!!! [Parent][OnMaybeDequeueOne] Error: Channel closing: too late to send/recv, messages will be lost
May 03, 2016 15:22:48.53 

May 05, 2016 23:46:40.90 NEW SESSION
May 05, 2016 23:46:40.90 
May 05, 2016 23:46:40.96 (firefox:7711): GLib-GObject-WARNING **: Attempt to add property GnomeProgram::sm-connect after class was initialised
May 05, 2016 23:46:40.96 
May 05, 2016 23:46:40.96 (firefox:7711): GLib-GObject-WARNING **: Attempt to add property GnomeProgram::show-crash-dialog after class was initialised
May 05, 2016 23:46:40.96 
May 05, 2016 23:46:40.96 (firefox:7711): GLib-GObject-WARNING **: Attempt to add property GnomeProgram::display after class was initialised
May 05, 2016 23:46:40.96 
May 05, 2016 23:46:40.96 (firefox:7711): GLib-GObject-WARNING **: Attempt to add property GnomeProgram::default-icon after class was initialised
May 05, 2016 23:46:46.71 
May 05, 2016 23:46:46.71 (firefox:7764): GLib-GObject-WARNING **: Attempt to add property GnomeProgram::sm-connect after class was initialised
May 05, 2016 23:46:46.71 
May 05, 2016 23:46:46.71 (firefox:7764): GLib-GObject-WARNING **: Attempt to add property GnomeProgram::show-crash-dialog after class was initialised
May 05, 2016 23:46:46.71 
May 05, 2016 23:46:46.71 (firefox:7764): GLib-GObject-WARNING **: Attempt to add property GnomeProgram::display after class was initialised
May 05, 2016 23:46:46.71 
May 05, 2016 23:46:46.71 (firefox:7764): GLib-GObject-WARNING **: Attempt to add property GnomeProgram::default-icon after class was initialised
May 05, 2016 23:52:49.94 1462472569948	addons.update-checker	WARN	Update manifest for ubufox@ubuntu.com did not contain an updates property
May 05, 2016 23:52:50.34 1462472570348	addons.update-checker	WARN	Update manifest for {972ce4c6-7e08-4474-a285-3208198ce6fd} did not contain an updates property

May 08, 2016 18:27:41.59 NEW SESSION
May 08, 2016 18:27:41.59 1462712261520	addons.update-checker	WARN	Update manifest for ubufox@ubuntu.com did not contain an updates property
May 08, 2016 18:27:42.06 1462712262061	addons.update-checker	WARN	Update manifest for e10srollout@mozilla.org did not contain an updates property
May 08, 2016 18:27:42.08 1462712262084	addons.update-checker	WARN	Update manifest for firefox@getpocket.com did not contain an updates property
May 08, 2016 18:27:42.10 1462712262104	addons.update-checker	WARN	Update manifest for {972ce4c6-7e08-4474-a285-3208198ce6fd} did not contain an updates property

May 09, 2016 17:43:50.05 NEW SESSION
May 09, 2016 17:43:50.05 
May 09, 2016 17:43:50.07 (firefox:5221): Gtk-CRITICAL **: gtk_clipboard_set_with_data: assertion 'targets != NULL' failed

May 12, 2016 18:30:05.63 NEW SESSION
May 12, 2016 18:30:05.63 1463058005631	FirefoxAccounts	ERROR	Could not retrieve profile data: {"name":"FxAccountsProfileClientError","code":null,"errno":998,"error":"NETWORK_ERROR","message":"[Exception... \"NS_ERROR_UNKNOWN_HOST\"  nsresult: \"0x804b001e (NS_ERROR_UNKNOWN_HOST)\"  location: \"JS frame :: resource://services-common/rest.js :: onStopRequest :: line 486\"  data: no]"}
May 12, 2016 18:30:05.67 1463058005634	FirefoxAccounts	ERROR	FxA rejecting with error NETWORK_ERROR, details: {"name":"FxAccountsProfileClientError","code":null,"errno":998,"error":"NETWORK_ERROR","message":"[Exception... \"NS_ERROR_UNKNOWN_HOST\"  nsresult: \"0x804b001e (NS_ERROR_UNKNOWN_HOST)\"  location: \"JS frame :: resource://services-common/rest.js :: onStopRequest :: line 486\"  data: no]"}
May 12, 2016 18:30:12.24 1463058012245	FirefoxAccounts	ERROR	Could not retrieve profile data: {"name":"FxAccountsProfileClientError","code":null,"errno":998,"error":"NETWORK_ERROR","message":"[Exception... \"NS_ERROR_UNKNOWN_HOST\"  nsresult: \"0x804b001e (NS_ERROR_UNKNOWN_HOST)\"  location: \"JS frame :: resource://services-common/rest.js :: onStopRequest :: line 486\"  data: no]"}
May 12, 2016 18:30:12.24 1463058012245	FirefoxAccounts	ERROR	Could not retrieve profile data: {"name":"FxAccountsProfileClientError","code":null,"errno":998,"error":"NETWORK_ERROR","message":"[Exception... \"NS_ERROR_UNKNOWN_HOST\"  nsresult: \"0x804b001e (NS_ERROR_UNKNOWN_HOST)\"  location: \"JS frame :: resource://services-common/rest.js :: onStopRequest :: line 486\"  data: no]"}
May 12, 2016 18:30:12.24 1463058012247	FirefoxAccounts	ERROR	FxA rejecting with error NETWORK_ERROR, details: {"name":"FxAccountsProfileClientError","code":null,"errno":998,"error":"NETWORK_ERROR","message":"[Exception... \"NS_ERROR_UNKNOWN_HOST\"  nsresult: \"0x804b001e (NS_ERROR_UNKNOWN_HOST)\"  location: \"JS frame :: resource://services-common/rest.js :: onStopRequest :: line 486\"  data: no]"}
May 12, 2016 18:30:12.24 1463058012247	FirefoxAccounts	ERROR	FxA rejecting with error NETWORK_ERROR, details: {"name":"FxAccountsProfileClientError","code":null,"errno":998,"error":"NETWORK_ERROR","message":"[Exception... \"NS_ERROR_UNKNOWN_HOST\"  nsresult: \"0x804b001e (NS_ERROR_UNKNOWN_HOST)\"  location: \"JS frame :: resource://services-common/rest.js :: onStopRequest :: line 486\"  data: no]"}
May 12, 2016 18:30:17.30 1463058017307	FirefoxAccounts	ERROR	error POSTing /certificate/sign: {"error":{},"errorString":"[Exception... \"NS_ERROR_UNKNOWN_HOST\"  nsresult: \"0x804b001e (NS_ERROR_UNKNOWN_HOST)\"  location: \"JS frame :: resource://services-common/rest.js :: onStopRequest :: line 486\"  data: no]","message":null,"code":null,"errno":null}
May 12, 2016 18:30:17.30 1463058017307	FirefoxAccounts	ERROR	error POSTing /certificate/sign: {"error":{},"errorString":"[Exception... \"NS_ERROR_UNKNOWN_HOST\"  nsresult: \"0x804b001e (NS_ERROR_UNKNOWN_HOST)\"  location: \"JS frame :: resource://services-common/rest.js :: onStopRequest :: line 486\"  data: no]","message":null,"code":null,"errno":null}
May 12, 2016 18:30:17.30 1463058017307	FirefoxAccounts	ERROR	HAWK.signCertificate error: {"error":{},"errorString":"[Exception... \"NS_ERROR_UNKNOWN_HOST\"  nsresult: \"0x804b001e (NS_ERROR_UNKNOWN_HOST)\"  location: \"JS frame :: resource://services-common/rest.js :: onStopRequest :: line 486\"  data: no]","message":null,"code":null,"errno":null}
May 12, 2016 18:30:17.30 1463058017307	FirefoxAccounts	ERROR	HAWK.signCertificate error: {"error":{},"errorString":"[Exception... \"NS_ERROR_UNKNOWN_HOST\"  nsresult: \"0x804b001e (NS_ERROR_UNKNOWN_HOST)\"  location: \"JS frame :: resource://services-common/rest.js :: onStopRequest :: line 486\"  data: no]","message":null,"code":null,"errno":null}
May 12, 2016 18:30:17.30 1463058017308	Sync.BrowserIDManager	ERROR	Non-authentication error in _fetchTokenForUser: {"error":{},"errorString":"[Exception... \"NS_ERROR_UNKNOWN_HOST\"  nsresult: \"0x804b001e (NS_ERROR_UNKNOWN_HOST)\"  location: \"JS frame :: resource://services-common/rest.js :: onStopRequest :: line 486\"  data: no]","message":null,"code":null,"errno":null}
May 12, 2016 18:30:17.31 1463058017309	Sync.BrowserIDManager	ERROR	Background fetch for key bundle failed: {"error":{},"errorString":"[Exception... \"NS_ERROR_UNKNOWN_HOST\"  nsresult: \"0x804b001e (NS_ERROR_UNKNOWN_HOST)\"  location: \"JS frame :: resource://services-common/rest.js :: onStopRequest :: line 486\"  data: no]","message":null,"code":null,"errno":null}
May 12, 2016 18:30:17.39 1463058017392	FirefoxAccounts	ERROR	error GETing /account/status?uid=772ef6fe8aa94049adef2e1ccf68a1d3: {"error":{},"errorString":"[Exception... \"NS_ERROR_UNKNOWN_HOST\"  nsresult: \"0x804b001e (NS_ERROR_UNKNOWN_HOST)\"  location: \"JS frame :: resource://services-common/rest.js :: onStopRequest :: line 486\"  data: no]","message":null,"code":null,"errno":null}
May 12, 2016 18:30:17.39 1463058017392	FirefoxAccounts	ERROR	error GETing /account/status?uid=772ef6fe8aa94049adef2e1ccf68a1d3: {"error":{},"errorString":"[Exception... \"NS_ERROR_UNKNOWN_HOST\"  nsresult: \"0x804b001e (NS_ERROR_UNKNOWN_HOST)\"  location: \"JS frame :: resource://services-common/rest.js :: onStopRequest :: line 486\"  data: no]","message":null,"code":null,"errno":null}
May 12, 2016 18:30:17.39 1463058017393	FirefoxAccounts	ERROR	accountStatus failed with: null: null
May 12, 2016 18:30:17.39 1463058017393	FirefoxAccounts	ERROR	accountStatus failed with: null: null
May 12, 2016 18:30:17.39 1463058017397	Sync.BrowserIDManager	ERROR	Error while trying to determine FXA existence: {"error":{},"errorString":"[Exception... \"NS_ERROR_UNKNOWN_HOST\"  nsresult: \"0x804b001e (NS_ERROR_UNKNOWN_HOST)\"  location: \"JS frame :: resource://services-common/rest.js :: onStopRequest :: line 486\"  data: no]","message":null,"code":null,"errno":null}
May 12, 2016 18:30:17.40 1463058017398	Sync.BrowserIDManager	ERROR	Could not authenticate: {"error":{},"errorString":"[Exception... \"NS_ERROR_UNKNOWN_HOST\"  nsresult: \"0x804b001e (NS_ERROR_UNKNOWN_HOST)\"  location: \"JS frame :: resource://services-common/rest.js :: onStopRequest :: line 486\"  data: no]","message":null,"code":null,"errno":null}
May 12, 2016 18:30:17.40 1463058017409	Sync.ErrorHandler	ERROR	Sync encountered a login error
May 12, 2016 18:30:17.44 1463058017443	FirefoxAccounts	ERROR	Could not retrieve profile data: {"name":"FxAccountsProfileClientError","code":null,"errno":998,"error":"NETWORK_ERROR","message":"[Exception... \"NS_ERROR_UNKNOWN_HOST\"  nsresult: \"0x804b001e (NS_ERROR_UNKNOWN_HOST)\"  location: \"JS frame :: resource://services-common/rest.js :: onStopRequest :: line 486\"  data: no]"}
May 12, 2016 18:30:17.44 1463058017443	FirefoxAccounts	ERROR	Could not retrieve profile data: {"name":"FxAccountsProfileClientError","code":null,"errno":998,"error":"NETWORK_ERROR","message":"[Exception... \"NS_ERROR_UNKNOWN_HOST\"  nsresult: \"0x804b001e (NS_ERROR_UNKNOWN_HOST)\"  location: \"JS frame :: resource://services-common/rest.js :: onStopRequest :: line 486\"  data: no]"}
May 12, 2016 18:30:17.44 1463058017445	FirefoxAccounts	ERROR	FxA rejecting with error NETWORK_ERROR, details: {"name":"FxAccountsProfileClientError","code":null,"errno":998,"error":"NETWORK_ERROR","message":"[Exception... \"NS_ERROR_UNKNOWN_HOST\"  nsresult: \"0x804b001e (NS_ERROR_UNKNOWN_HOST)\"  location: \"JS frame :: resource://services-common/rest.js :: onStopRequest :: line 486\"  data: no]"}
May 12, 2016 18:30:17.44 1463058017445	FirefoxAccounts	ERROR	FxA rejecting with error NETWORK_ERROR, details: {"name":"FxAccountsProfileClientError","code":null,"errno":998,"error":"NETWORK_ERROR","message":"[Exception... \"NS_ERROR_UNKNOWN_HOST\"  nsresult: \"0x804b001e (NS_ERROR_UNKNOWN_HOST)\"  location: \"JS frame :: resource://services-common/rest.js :: onStopRequest :: line 486\"  data: no]"}
May 12, 2016 18:31:04.21 1463058064216	addons.productaddons	WARN	Failed downloading XML, status: 0, reason: error
May 12, 2016 18:34:01.86 1463058241867	addons.repository	WARN	Search failed when repopulating cache
May 12, 2016 18:34:02.00 1463058242007	addons.update-checker	WARN	HTTP Request failed for an unknown reason
May 12, 2016 18:34:02.00 1463058242009	addons.update-checker	WARN	HTTP Request failed for an unknown reason
May 12, 2016 18:34:02.01 1463058242011	addons.update-checker	WARN	HTTP Request failed for an unknown reason
May 12, 2016 18:34:02.01 1463058242013	addons.update-checker	WARN	HTTP Request failed for an unknown reason
May 12, 2016 18:34:02.01 1463058242014	addons.update-checker	WARN	HTTP Request failed for an unknown reason
May 12, 2016 18:34:02.01 1463058242015	addons.update-checker	WARN	HTTP Request failed for an unknown reason
May 12, 2016 18:34:02.01 1463058242017	addons.update-checker	WARN	HTTP Request failed for an unknown reason
May 12, 2016 18:34:02.01 1463058242018	addons.update-checker	WARN	HTTP Request failed for an unknown reason
May 12, 2016 18:34:02.01 1463058242019	addons.update-checker	WARN	HTTP Request failed for an unknown reason
May 12, 2016 18:34:02.02 1463058242020	addons.update-checker	WARN	HTTP Request failed for an unknown reason
May 12, 2016 18:34:02.02 1463058242022	addons.update-checker	WARN	HTTP Request failed for an unknown reason
May 12, 2016 18:34:02.02 1463058242027	addons.productaddons	WARN	Failed downloading XML, status: 0, reason: error
May 12, 2016 18:34:02.03 1463058242030	addons.update-checker	WARN	HTTP Request failed for an unknown reason
May 12, 2016 18:34:02.03 1463058242035	addons.productaddons	WARN	Failed downloading XML, status: 0, reason: error
May 12, 2016 18:34:02.03 1463058242036	addons.manager	WARN	Failed to update system addons: Error: Failed downloading XML, status: 0, reason: error (resource://gre/modules/addons/ProductAddonChecker.jsm:103:16) JS Stack trace: downloadXML/</fail@ProductAddonChecker.jsm:103:16

Jul 04, 2016 14:47:50.71 NEW SESSION
Jul 04, 2016 14:47:50.71 
Jul 04, 2016 14:47:50.73 (process:4212): GLib-CRITICAL **: g_path_get_basename: assertion 'file_name != NULL' failed
